<?xml version="1.0" encoding="UTF-8"?>
<!-- Generated by org.testng.reporters.JUnitXMLReporter -->
<testsuite ignored="0" hostname="DESKTOP-OUDC790" failures="5" tests="7" name="Test" time="180.274" errors="0" timestamp="2025-07-22T20:23:36 IST">
  <testcase classname="testCases.VerifyCourseFeesDisplayedCorrectly" name="verifyCourseFeesDisplayedCorrectly" time="23.592">
    <failure type="java.lang.AssertionError" message="Price does not match expected [true] but found [false]">
      <![CDATA[java.lang.AssertionError: Price does not match expected [true] but found [false]
at testCases.VerifyCourseFeesDisplayedCorrectly.verifyCourseFeesDisplayedCorrectly(VerifyCourseFeesDisplayedCorrectly.java:22)
at java.base/java.util.ArrayList.forEach(ArrayList.java:1511)
... Removed 30 stack frames]]>
    </failure>
  </testcase> <!-- verifyCourseFeesDisplayedCorrectly -->
  <testcase classname="testCases.VerifyCourseFeesDisplayedCorrectly" name="verifyCourseFeesDisplayedCorrectly" time="6.249"/>
  <testcase classname="testCases.VerifyCourseFeesDisplayedCorrectly" name="verifyCourseFeesDisplayedCorrectly" time="7.193"/>
  <testcase classname="testCases.VerifyCourseFeesDisplayedCorrectly" name="verifyCourseFeesDisplayedCorrectly" time="3.285">
    <failure type="java.lang.AssertionError" message="Price does not match expected [true] but found [false]">
      <![CDATA[java.lang.AssertionError: Price does not match expected [true] but found [false]
at testCases.VerifyCourseFeesDisplayedCorrectly.verifyCourseFeesDisplayedCorrectly(VerifyCourseFeesDisplayedCorrectly.java:22)
at java.base/java.util.ArrayList.forEach(ArrayList.java:1511)
... Removed 30 stack frames]]>
    </failure>
  </testcase> <!-- verifyCourseFeesDisplayedCorrectly -->
  <testcase classname="testCases.VerifyCourseFeesDisplayedCorrectly" name="verifyCourseFeesDisplayedCorrectly" time="2.761">
    <failure type="java.lang.AssertionError" message="Price does not match expected [true] but found [false]">
      <![CDATA[java.lang.AssertionError: Price does not match expected [true] but found [false]
at testCases.VerifyCourseFeesDisplayedCorrectly.verifyCourseFeesDisplayedCorrectly(VerifyCourseFeesDisplayedCorrectly.java:22)
at java.base/java.util.ArrayList.forEach(ArrayList.java:1511)
... Removed 30 stack frames]]>
    </failure>
  </testcase> <!-- verifyCourseFeesDisplayedCorrectly -->
  <testcase classname="testCases.VerifyCourseFeesDisplayedCorrectly" name="verifyCourseFeesDisplayedCorrectly" time="2.845">
    <failure type="java.lang.AssertionError" message="Price does not match expected [true] but found [false]">
      <![CDATA[java.lang.AssertionError: Price does not match expected [true] but found [false]
at testCases.VerifyCourseFeesDisplayedCorrectly.verifyCourseFeesDisplayedCorrectly(VerifyCourseFeesDisplayedCorrectly.java:22)
at java.base/java.util.ArrayList.forEach(ArrayList.java:1511)
... Removed 30 stack frames]]>
    </failure>
  </testcase> <!-- verifyCourseFeesDisplayedCorrectly -->
  <testcase classname="testCases.VerifyCourseFeesDisplayedCorrectly" name="verifyCourseFeesDisplayedCorrectly" time="2.433">
    <failure type="java.lang.AssertionError" message="Price does not match expected [true] but found [false]">
      <![CDATA[java.lang.AssertionError: Price does not match expected [true] but found [false]
at testCases.VerifyCourseFeesDisplayedCorrectly.verifyCourseFeesDisplayedCorrectly(VerifyCourseFeesDisplayedCorrectly.java:22)
at java.base/java.util.ArrayList.forEach(ArrayList.java:1511)
... Removed 30 stack frames]]>
    </failure>
  </testcase> <!-- verifyCourseFeesDisplayedCorrectly -->
</testsuite> <!-- Test -->
